{"time":"2026-05-31T00:10:51.25345+05:30","level":"INFO","msg":"mysql connected","addr":"127.0.0.1:13306","database":"observability","max_open_conns":50}
{"time":"2026-05-31T00:10:51.254406+05:30","level":"INFO","msg":"mysqlmigrate: apply 00_database.sql"}
{"time":"2026-05-31T00:10:51.257336+05:30","level":"INFO","msg":"mysqlmigrate: apply 01_teams.sql"}
{"time":"2026-05-31T00:10:51.260425+05:30","level":"INFO","msg":"mysqlmigrate: apply 02_users.sql"}
{"time":"2026-05-31T00:10:51.263887+05:30","level":"INFO","msg":"mysqlmigrate: apply 03_notification_channels.sql"}
{"time":"2026-05-31T00:10:51.268084+05:30","level":"INFO","msg":"mysqlmigrate: apply 04_notification_templates.sql"}
{"time":"2026-05-31T00:10:51.268603+05:30","level":"INFO","msg":"mysqlmigrate: apply 05_notification_policies.sql"}
{"time":"2026-05-31T00:10:51.269079+05:30","level":"INFO","msg":"mysqlmigrate: apply 06_monitors.sql"}
{"time":"2026-05-31T00:10:51.269525+05:30","level":"INFO","msg":"mysqlmigrate: apply 07_monitor_state.sql"}
{"time":"2026-05-31T00:10:51.269964+05:30","level":"INFO","msg":"mysqlmigrate: apply 08_monitor_events.sql"}
{"time":"2026-05-31T00:10:51.26999+05:30","level":"INFO","msg":"mysqlmigrate: complete","statements":9}
{"time":"2026-05-31T00:10:51.283592+05:30","level":"INFO","msg":"chmigrate: skip  00_database.sql (already applied)"}
{"time":"2026-05-31T00:10:51.283629+05:30","level":"INFO","msg":"chmigrate: skip  01_spans.sql (already applied)"}
{"time":"2026-05-31T00:10:51.283634+05:30","level":"INFO","msg":"chmigrate: skip  02_logs.sql (already applied)"}
{"time":"2026-05-31T00:10:51.283637+05:30","level":"INFO","msg":"chmigrate: skip  03_metrics.sql (already applied)"}
{"time":"2026-05-31T00:10:51.283639+05:30","level":"INFO","msg":"chmigrate: skip  04_spans_resource.sql (already applied)"}
{"time":"2026-05-31T00:10:51.283642+05:30","level":"INFO","msg":"chmigrate: skip  05_logs_resource.sql (already applied)"}
{"time":"2026-05-31T00:10:51.283644+05:30","level":"INFO","msg":"chmigrate: skip  06_metrics_resource.sql (already applied)"}
{"time":"2026-05-31T00:10:51.283646+05:30","level":"INFO","msg":"chmigrate: skip  07_trace_index.sql (already applied)"}
{"time":"2026-05-31T00:10:51.283649+05:30","level":"INFO","msg":"chmigrate: skip  08_metrics_1m.sql (already applied)"}
{"time":"2026-05-31T00:10:51.28365+05:30","level":"INFO","msg":"chmigrate: skip  09_spans_1m.sql (already applied)"}
{"time":"2026-05-31T00:10:51.283654+05:30","level":"INFO","msg":"chmigrate: complete","applied":0,"skipped":10}
{"time":"2026-05-31T00:10:51.283661+05:30","level":"INFO","msg":"clickhouse connected","addr":"127.0.0.1:19000","database":"observability"}
{"time":"2026-05-31T00:10:51.296718+05:30","level":"INFO","msg":"redis connected","addr":"127.0.0.1:16379","db":0}
{"time":"2026-05-31T00:10:51.31477+05:30","level":"INFO","msg":"kafka topic ready","topic":"optikk.ingest.spans","partitions":8,"replicas":1,"retention_hours":24}
{"time":"2026-05-31T00:10:51.316861+05:30","level":"INFO","msg":"kafka topic ready","topic":"optikk.dlq.spans","partitions":8,"replicas":1,"retention_hours":24}
{"time":"2026-05-31T00:10:51.321302+05:30","level":"INFO","msg":"kafka topic ready","topic":"optikk.ingest.logs","partitions":8,"replicas":1,"retention_hours":24}
{"time":"2026-05-31T00:10:51.323374+05:30","level":"INFO","msg":"kafka topic ready","topic":"optikk.dlq.logs","partitions":8,"replicas":1,"retention_hours":24}
{"time":"2026-05-31T00:10:51.325893+05:30","level":"INFO","msg":"kafka topic ready","topic":"optikk.ingest.metrics","partitions":8,"replicas":1,"retention_hours":24}
{"time":"2026-05-31T00:10:51.328173+05:30","level":"INFO","msg":"kafka topic ready","topic":"optikk.dlq.metrics","partitions":8,"replicas":1,"retention_hours":24}
{"time":"2026-05-31T00:10:51.328485+05:30","level":"INFO","msg":"kafka producer client connected","brokers":["127.0.0.1:19092"]}
{"time":"2026-05-31T00:10:51.329946+05:30","level":"INFO","msg":"starting OTLP gRPC server","addr":":4317","hint":"send gRPC metadata x-api-key (team API key); use OTLP gRPC on this port, not HTTP/protobuf"}
{"time":"2026-05-31T00:12:54.074744+05:30","level":"INFO","msg":"kafka consumers closed","count":3}
{"time":"2026-05-31T00:12:54.074843+05:30","level":"INFO","msg":"kafka producer closed"}
{"time":"2026-05-31T00:12:54.075069+05:30","level":"INFO","msg":"redis connection closed"}
{"time":"2026-05-31T00:12:54.075099+05:30","level":"INFO","msg":"clickhouse connection closed"}
{"time":"2026-05-31T00:12:54.075124+05:30","level":"INFO","msg":"mysql connection closed"}
